<?xml version="1.0" encoding="UTF-8"?>
<robot generator="Robot 4.1.3 (Python 3.10.2 on win32)" generated="20220422 14:07:12.054" rpa="false" schemaversion="2">
<suite id="s1" name="testCases" source="C:\Users\User\PycharmProjects\RobotFramework\tests\testCases">
<suite id="s1-s1" name="SurveyAudience" source="C:\Users\User\PycharmProjects\RobotFramework\tests\testCases\SurveyAudience.robot">
<test id="s1-s1-t1" name="Survey Audience Criteria Check , Survey Audience And/Or , Survey Audience Delete All Criteria">
<kw name="open the browser with ALternaWebPage" library="keywords_LoginPage" type="SETUP">
<kw name="Create Webdriver" library="SeleniumLibrary">
<arg>Chrome</arg>
<arg>executable_path=tests/drivers/chromedriver.exe</arg>
<doc>Creates an instance of Selenium WebDriver.</doc>
<msg timestamp="20220422 14:07:12.536" level="INFO">Creating an instance of the Chrome WebDriver.</msg>
<status status="PASS" starttime="20220422 14:07:12.536" endtime="20220422 14:07:15.408"/>
</kw>
<kw name="Go To" library="SeleniumLibrary">
<arg>https://staging.alternacx.com/</arg>
<doc>Navigates the current browser window to the provided ``url``.</doc>
<msg timestamp="20220422 14:07:15.410" level="INFO">Opening url 'https://staging.alternacx.com/'</msg>
<status status="PASS" starttime="20220422 14:07:15.409" endtime="20220422 14:07:21.832"/>
</kw>
<kw name="Maximize Browser Window" library="SeleniumLibrary">
<doc>Maximizes current browser window.</doc>
<status status="PASS" starttime="20220422 14:07:21.833" endtime="20220422 14:07:21.951"/>
</kw>
<status status="PASS" starttime="20220422 14:07:12.535" endtime="20220422 14:07:21.952"/>
</kw>
<kw name="Set Selenium Timeout" library="SeleniumLibrary">
<arg>20</arg>
<doc>Sets the timeout that is used by various keywords.</doc>
<status status="PASS" starttime="20220422 14:07:21.953" endtime="20220422 14:07:21.959"/>
</kw>
<kw name="When fill the login form" library="keywords_LoginPage">
<arg>umut</arg>
<arg>Hacettepe2019</arg>
<kw name="Wait Until Element Is Visible" library="SeleniumLibrary">
<arg>${username_l}</arg>
<arg>timeout=20</arg>
<doc>Waits until the element ``locator`` is visible.</doc>
<status status="PASS" starttime="20220422 14:07:21.961" endtime="20220422 14:07:22.768"/>
</kw>
<kw name="Input Text" library="SeleniumLibrary">
<arg>${username_l}</arg>
<arg>${username}</arg>
<doc>Types the given ``text`` into the text field identified by ``locator``.</doc>
<msg timestamp="20220422 14:07:22.770" level="INFO">Typing text 'umut' into text field 'xpath://input[@type='text']'.</msg>
<status status="PASS" starttime="20220422 14:07:22.769" endtime="20220422 14:07:23.126"/>
</kw>
<kw name="Input Password" library="SeleniumLibrary">
<arg>${password_l}</arg>
<arg>${password}</arg>
<doc>Types the given password into the text field identified by ``locator``.</doc>
<msg timestamp="20220422 14:07:23.127" level="INFO">Typing password into text field 'xpath://input[@type='password']'.</msg>
<msg timestamp="20220422 14:07:23.460" level="INFO">Temporally setting log level to: NONE</msg>
<msg timestamp="20220422 14:07:23.909" level="INFO">Log level changed from NONE to INFO.</msg>
<status status="PASS" starttime="20220422 14:07:23.127" endtime="20220422 14:07:23.909"/>
</kw>
<status status="PASS" starttime="20220422 14:07:21.959" endtime="20220422 14:07:23.910"/>
</kw>
<kw name="And click login buton" library="keywords_LoginPage">
<kw name="Click Element" library="SeleniumLibrary">
<arg>${login_button_l}</arg>
<doc>Click the element identified by ``locator``.</doc>
<msg timestamp="20220422 14:07:23.913" level="INFO">Clicking element 'xpath://span[contains(text(),'Login')]'.</msg>
<status status="PASS" starttime="20220422 14:07:23.912" endtime="20220422 14:07:24.100"/>
</kw>
<status status="PASS" starttime="20220422 14:07:23.910" endtime="20220422 14:07:24.100"/>
</kw>
<kw name="And click survey management" library="keywords_mainPage">
<kw name="Wait Until Element Is Visible" library="SeleniumLibrary">
<arg>${survey_management_l}</arg>
<doc>Waits until the element ``locator`` is visible.</doc>
<status status="PASS" starttime="20220422 14:07:24.101" endtime="20220422 14:07:26.419"/>
</kw>
<kw name="Click Element" library="SeleniumLibrary">
<arg>${survey_management_l}</arg>
<doc>Click the element identified by ``locator``.</doc>
<msg timestamp="20220422 14:07:26.420" level="INFO">Clicking element 'xpath://div[normalize-space()='Survey Management']'.</msg>
<status status="PASS" starttime="20220422 14:07:26.419" endtime="20220422 14:07:26.489"/>
</kw>
<status status="PASS" starttime="20220422 14:07:24.100" endtime="20220422 14:07:26.489"/>
</kw>
<kw name="And click Surveys" library="keywords_mainPage">
<kw name="Wait Until Element Is Visible" library="SeleniumLibrary">
<arg>${surveys_l}</arg>
<doc>Waits until the element ``locator`` is visible.</doc>
<status status="PASS" starttime="20220422 14:07:26.490" endtime="20220422 14:07:26.771"/>
</kw>
<kw name="Click Element" library="SeleniumLibrary">
<arg>${surveys_l}</arg>
<doc>Click the element identified by ``locator``.</doc>
<msg timestamp="20220422 14:07:26.772" level="INFO">Clicking element 'xpath://div[normalize-space()='Surveys']'.</msg>
<status status="PASS" starttime="20220422 14:07:26.772" endtime="20220422 14:07:26.951"/>
</kw>
<status status="PASS" starttime="20220422 14:07:26.490" endtime="20220422 14:07:26.952"/>
</kw>
<kw name="And click Searchbar And Search Temp Survey and click it" library="keywords_surveyListPage">
<kw name="Wait Until Element Is Visible" library="SeleniumLibrary">
<arg>${search_bar_l}</arg>
<doc>Waits until the element ``locator`` is visible.</doc>
<status status="PASS" starttime="20220422 14:07:26.953" endtime="20220422 14:07:27.285"/>
</kw>
<kw name="Input Text" library="SeleniumLibrary">
<arg>${search_bar_l}</arg>
<arg>Hic est temptare</arg>
<doc>Types the given ``text`` into the text field identified by ``locator``.</doc>
<msg timestamp="20220422 14:07:27.286" level="INFO">Typing text 'Hic est temptare' into text field 'xpath://input[@placeholder='Search']'.</msg>
<status status="PASS" starttime="20220422 14:07:27.286" endtime="20220422 14:07:27.513"/>
</kw>
<kw name="Wait Until Element Is Visible" library="SeleniumLibrary">
<arg>${temp_survey_l}</arg>
<doc>Waits until the element ``locator`` is visible.</doc>
<status status="PASS" starttime="20220422 14:07:27.513" endtime="20220422 14:07:29.473"/>
</kw>
<kw name="Click Element" library="SeleniumLibrary">
<arg>${temp_survey_l}</arg>
<doc>Click the element identified by ``locator``.</doc>
<msg timestamp="20220422 14:07:29.478" level="INFO">Clicking element 'xpath://a[contains(text(),'Hic est temptare Quaestionario')]'.</msg>
<status status="PASS" starttime="20220422 14:07:29.473" endtime="20220422 14:07:29.866"/>
</kw>
<status status="PASS" starttime="20220422 14:07:26.952" endtime="20220422 14:07:29.866"/>
</kw>
<kw name="And click Audience" library="keywords_surveyEditPage">
<kw name="Execute Javascript" library="SeleniumLibrary">
<arg>window.scrollTo(document.body.scrollHeight,0)</arg>
<doc>Executes the given JavaScript code with possible arguments.</doc>
<msg timestamp="20220422 14:07:29.869" level="INFO">Executing JavaScript:
window.scrollTo(document.body.scrollHeight,0)
Without any arguments.</msg>
<status status="PASS" starttime="20220422 14:07:29.867" endtime="20220422 14:07:29.957"/>
</kw>
<kw name="Wait Until Element Is Visible" library="SeleniumLibrary">
<arg>${audience_l}</arg>
<doc>Waits until the element ``locator`` is visible.</doc>
<status status="PASS" starttime="20220422 14:07:29.957" endtime="20220422 14:07:30.450"/>
</kw>
<kw name="Click Element" library="SeleniumLibrary">
<arg>${audience_l}</arg>
<doc>Click the element identified by ``locator``.</doc>
<msg timestamp="20220422 14:07:30.451" level="INFO">Clicking element 'xpath://div[contains(text(),'Audience')]'.</msg>
<status status="PASS" starttime="20220422 14:07:30.450" endtime="20220422 14:07:30.963"/>
</kw>
<status status="PASS" starttime="20220422 14:07:29.867" endtime="20220422 14:07:30.964"/>
</kw>
<kw name="And click Audience criteria arrow" library="keywords_surveyEditPage">
<kw name="Wait Until Element Is Visible" library="SeleniumLibrary">
<arg>${audience_criteria_arrow_l}</arg>
<doc>Waits until the element ``locator`` is visible.</doc>
<status status="PASS" starttime="20220422 14:07:30.965" endtime="20220422 14:07:31.255"/>
</kw>
<kw name="Click Element" library="SeleniumLibrary">
<arg>${audience_criteria_arrow_l}</arg>
<doc>Click the element identified by ``locator``.</doc>
<msg timestamp="20220422 14:07:31.257" level="INFO">Clicking element 'xpath://i[normalize-space()='keyboard_arrow_up']'.</msg>
<status status="PASS" starttime="20220422 14:07:31.256" endtime="20220422 14:07:31.334"/>
</kw>
<status status="PASS" starttime="20220422 14:07:30.965" endtime="20220422 14:07:31.335"/>
</kw>
<kw name="And click Add button" library="keywords_surveyEditPage">
<kw name="Wait Until Element Is Visible" library="SeleniumLibrary">
<arg>${add_button_l}</arg>
<doc>Waits until the element ``locator`` is visible.</doc>
<status status="PASS" starttime="20220422 14:07:31.336" endtime="20220422 14:07:31.646"/>
</kw>
<kw name="Click Element" library="SeleniumLibrary">
<arg>${add_button_l}</arg>
<doc>Click the element identified by ``locator``.</doc>
<msg timestamp="20220422 14:07:31.647" level="INFO">Clicking element 'xpath://button[@class='q-btn q-btn-item non-selectable no-outline q-btn--outline q-btn--rectangle text-black q-btn--actionable q-focusable q-hoverable q-btn--no-uppercase q-btn--wrap']//span[@class='q-btn__content text-center col items-center q-anchor--skip justify-center row']'.</msg>
<msg timestamp="20220422 14:07:33.112" level="INFO" html="true">&lt;/td&gt;&lt;/tr&gt;&lt;tr&gt;&lt;td colspan="3"&gt;&lt;a href="selenium-screenshot-1.png"&gt;&lt;img src="selenium-screenshot-1.png" width="800px"&gt;&lt;/a&gt;</msg>
<msg timestamp="20220422 14:07:33.225" level="FAIL">ElementClickInterceptedException: Message: element click intercepted: Element &lt;span class="q-btn__content text-center col items-center q-anchor--skip justify-center row"&gt;...&lt;/span&gt; is not clickable at point (756, 550). Other element would receive the click: &lt;div class="q-toolbar__title ellipsis"&gt;...&lt;/div&gt;
  (Session info: chrome=100.0.4896.75)
Stacktrace:
Backtrace:
	Ordinal0 [0x009E9943+2595139]
	Ordinal0 [0x0097C9F1+2148849]
	Ordinal0 [0x00874528+1066280]
	Ordinal0 [0x008A7621+1275425]
	Ordinal0 [0x008A5657+1267287]
	Ordinal0 [0x008A333B+1258299]
	Ordinal0 [0x008A207D+1253501]
	Ordinal0 [0x00897AB3+1211059]
	Ordinal0 [0x008BB9EC+1358316]
	Ordinal0 [0x00897474+1209460]
	Ordinal0 [0x008BBC04+1358852]
	Ordinal0 [0x008CBAF2+1424114]
	Ordinal0 [0x008BB806+1357830]
	Ordinal0 [0x00896086+1204358]
	Ordinal0 [0x00896F96+1208214]
	GetHandleVerifier [0x00B8B232+1658114]
	GetHandleVerifier [0x00C4312C+2411516]
	GetHandleVerifier [0x00A7F261+560433]
	GetHandleVerifier [0x00A7E366+556598]
	Ordinal0 [0x0098286B+2173035]
	Ordinal0 [0x009875F8+2192888]
	Ordinal0 [0x009876E5+2193125]
	Ordinal0 [0x009911FC+2232828]
	BaseThreadInitThunk [0x7686FA29+25]
	RtlGetAppContainerNamedObjectPath [0x77A27A9E+286]
	RtlGetAppContainerNamedObjectPath [0x77A27A6E+238]
</msg>
<status status="FAIL" starttime="20220422 14:07:31.646" endtime="20220422 14:07:33.226"/>
</kw>
<status status="FAIL" starttime="20220422 14:07:31.335" endtime="20220422 14:07:33.228"/>
</kw>
<kw name="And add criteria for 1st item" library="keywords_surveyEditPage">
<status status="NOT RUN" starttime="20220422 14:07:33.229" endtime="20220422 14:07:33.229"/>
</kw>
<kw name="And click save and continue button" library="keywords_surveyEditPage">
<status status="NOT RUN" starttime="20220422 14:07:33.231" endtime="20220422 14:07:33.231"/>
</kw>
<kw name="And click Audience" library="keywords_surveyEditPage">
<status status="NOT RUN" starttime="20220422 14:07:33.232" endtime="20220422 14:07:33.233"/>
</kw>
<kw name="And click Add button" library="keywords_surveyEditPage">
<status status="NOT RUN" starttime="20220422 14:07:33.235" endtime="20220422 14:07:33.243"/>
</kw>
<kw name="And add criteria for 2st item" library="keywords_surveyEditPage">
<status status="NOT RUN" starttime="20220422 14:07:33.245" endtime="20220422 14:07:33.246"/>
</kw>
<kw name="And click save and continue button" library="keywords_surveyEditPage">
<status status="NOT RUN" starttime="20220422 14:07:33.248" endtime="20220422 14:07:33.249"/>
</kw>
<kw name="And click Audience" library="keywords_surveyEditPage">
<status status="NOT RUN" starttime="20220422 14:07:33.250" endtime="20220422 14:07:33.253"/>
</kw>
<kw name="And click Delete criteria button" library="keywords_surveyEditPage">
<status status="NOT RUN" starttime="20220422 14:07:33.254" endtime="20220422 14:07:33.254"/>
</kw>
<kw name="And click Delete criteria button" library="keywords_surveyEditPage">
<status status="NOT RUN" starttime="20220422 14:07:33.255" endtime="20220422 14:07:33.255"/>
</kw>
<kw name="And click save and continue button" library="keywords_surveyEditPage">
<status status="NOT RUN" starttime="20220422 14:07:33.256" endtime="20220422 14:07:33.257"/>
</kw>
<kw name="close browser session" library="keywords_LoginPage" type="TEARDOWN">
<kw name="Close Browser" library="SeleniumLibrary">
<doc>Closes the current browser.</doc>
<status status="PASS" starttime="20220422 14:07:33.298" endtime="20220422 14:07:37.348"/>
</kw>
<status status="PASS" starttime="20220422 14:07:33.261" endtime="20220422 14:07:37.350"/>
</kw>
<status status="FAIL" starttime="20220422 14:07:12.533" endtime="20220422 14:07:37.350">ElementClickInterceptedException: Message: element click intercepted: Element &lt;span class="q-btn__content text-center col items-center q-anchor--skip justify-center row"&gt;...&lt;/span&gt; is not clickable at point (756, 550). Other element would receive the click: &lt;div class="q-toolbar__title ellipsis"&gt;...&lt;/div&gt;
  (Session info: chrome=100.0.4896.75)
Stacktrace:
Backtrace:
	Ordinal0 [0x009E9943+2595139]
	Ordinal0 [0x0097C9F1+2148849]
	Ordinal0 [0x00874528+1066280]
	Ordinal0 [0x008A7621+1275425]
	Ordinal0 [0x008A5657+1267287]
	Ordinal0 [0x008A333B+1258299]
	Ordinal0 [0x008A207D+1253501]
	Ordinal0 [0x00897AB3+1211059]
	Ordinal0 [0x008BB9EC+1358316]
	Ordinal0 [0x00897474+1209460]
	Ordinal0 [0x008BBC04+1358852]
	Ordinal0 [0x008CBAF2+1424114]
	Ordinal0 [0x008BB806+1357830]
	Ordinal0 [0x00896086+1204358]
	Ordinal0 [0x00896F96+1208214]
	GetHandleVerifier [0x00B8B232+1658114]
	GetHandleVerifier [0x00C4312C+2411516]
	GetHandleVerifier [0x00A7F261+560433]
	GetHandleVerifier [0x00A7E366+556598]
	Ordinal0 [0x0098286B+2173035]
	Ordinal0 [0x009875F8+2192888]
	Ordinal0 [0x009876E5+2193125]
	Ordinal0 [0x009911FC+2232828]
	BaseThreadInitThunk [0x7686FA29+25]
	RtlGetAppContainerNamedObjectPath [0x77A27A9E+286]
	RtlGetAppContainerNamedObjectPath [0x77A27A6E+238]
</status>
</test>
<doc>Survey Audience</doc>
<status status="FAIL" starttime="20220422 14:07:12.110" endtime="20220422 14:07:37.356"/>
</suite>
<status status="FAIL" starttime="20220422 14:07:12.074" endtime="20220422 14:07:37.358"/>
</suite>
<statistics>
<total>
<stat pass="0" fail="1" skip="0">All Tests</stat>
</total>
<tag>
</tag>
<suite>
<stat pass="0" fail="1" skip="0" id="s1" name="testCases">testCases</stat>
<stat pass="0" fail="1" skip="0" id="s1-s1" name="SurveyAudience">testCases.SurveyAudience</stat>
</suite>
</statistics>
<errors>
</errors>
</robot>
